[debug] [2025-08-16T03:19:30.193Z] ----------------------------------------------------------------------
[debug] [2025-08-16T03:19:30.194Z] Command:       /usr/local/bin/node /usr/local/bin/firebase init
[debug] [2025-08-16T03:19:30.194Z] CLI Version:   14.12.1
[debug] [2025-08-16T03:19:30.194Z] Platform:      linux
[debug] [2025-08-16T03:19:30.195Z] Node Version:  v22.17.0
[debug] [2025-08-16T03:19:30.195Z] Time:          Fri Aug 15 2025 21:19:30 GMT-0600 (Central Standard Time)
[debug] [2025-08-16T03:19:30.195Z] ----------------------------------------------------------------------
[debug] 
[debug] [2025-08-16T03:19:30.197Z] > command requires scopes: ["email","openid","https://www.googleapis.com/auth/cloudplatformprojects.readonly","https://www.googleapis.com/auth/firebase","https://www.googleapis.com/auth/cloud-platform"]
[debug] [2025-08-16T03:19:30.197Z] > authorizing via signed-in user (emifragon13@gmail.com)
[info] 
     ######## #### ########  ######## ########     ###     ######  ########
     ##        ##  ##     ## ##       ##     ##  ##   ##  ##       ##
     ######    ##  ########  ######   ########  #########  ######  ######
     ##        ##  ##    ##  ##       ##     ## ##     ##       ## ##
     ##       #### ##     ## ######## ########  ##     ##  ######  ########

You're about to initialize a Firebase project in this directory:

  /home/emfr/Downloads/terraza/MainWorks

[info] 
=== Project Setup
[info] 
[info] First, let's associate this project directory with a Firebase project.
[info] You can create multiple project aliases by running firebase use --add, 
[info] but for now we'll just set up a default project.
[info] 
[debug] [2025-08-16T03:19:35.315Z] Checked if tokens are valid: true, expires at: 1755317733556
[debug] [2025-08-16T03:19:35.315Z] Checked if tokens are valid: true, expires at: 1755317733556
[debug] [2025-08-16T03:19:35.316Z] >>> [apiv2][query] GET https://firebase.googleapis.com/v1beta1/projects pageSize=100
[debug] [2025-08-16T03:19:35.597Z] <<< [apiv2][status] GET https://firebase.googleapis.com/v1beta1/projects 200
[debug] [2025-08-16T03:19:35.597Z] <<< [apiv2][body] GET https://firebase.googleapis.com/v1beta1/projects [omitted]
[info] i  Using project papaterraza (PapaTerraza) 
[info] 
=== App Hosting Setup
[debug] [2025-08-16T03:19:36.738Z] Checked if tokens are valid: true, expires at: 1755317733556
[debug] [2025-08-16T03:19:36.738Z] Checked if tokens are valid: true, expires at: 1755317733556
[debug] [2025-08-16T03:19:36.738Z] >>> [apiv2][query] GET https://cloudbilling.googleapis.com/v1/projects/papaterraza/billingInfo [none]
[debug] [2025-08-16T03:19:36.940Z] <<< [apiv2][status] GET https://cloudbilling.googleapis.com/v1/projects/papaterraza/billingInfo 200
[debug] [2025-08-16T03:19:36.941Z] <<< [apiv2][body] GET https://cloudbilling.googleapis.com/v1/projects/papaterraza/billingInfo {"name":"projects/papaterraza/billingInfo","projectId":"papaterraza","billingAccountName":"billingAccounts/011381-7F603A-B9DD3D","billingEnabled":true}
[debug] [2025-08-16T03:19:36.941Z] Checked if tokens are valid: true, expires at: 1755317733556
[debug] [2025-08-16T03:19:36.941Z] Checked if tokens are valid: true, expires at: 1755317733556
[debug] [2025-08-16T03:19:36.941Z] >>> [apiv2][query] GET https://serviceusage.googleapis.com/v1/projects/papaterraza/services/firebaseapphosting.googleapis.com [none]
[debug] [2025-08-16T03:19:36.941Z] >>> [apiv2][(partial)header] GET https://serviceusage.googleapis.com/v1/projects/papaterraza/services/firebaseapphosting.googleapis.com x-goog-quota-user=projects/papaterraza
[debug] [2025-08-16T03:19:37.381Z] <<< [apiv2][status] GET https://serviceusage.googleapis.com/v1/projects/papaterraza/services/firebaseapphosting.googleapis.com 200
[debug] [2025-08-16T03:19:37.381Z] <<< [apiv2][body] GET https://serviceusage.googleapis.com/v1/projects/papaterraza/services/firebaseapphosting.googleapis.com [omitted]
[debug] [2025-08-16T03:19:37.381Z] Checked if tokens are valid: true, expires at: 1755317733556
[debug] [2025-08-16T03:19:37.381Z] Checked if tokens are valid: true, expires at: 1755317733556
[debug] [2025-08-16T03:19:37.382Z] >>> [apiv2][query] POST https://serviceusage.googleapis.com/v1/projects/papaterraza/services/firebaseapphosting.googleapis.com:enable [none]
[debug] [2025-08-16T03:19:37.382Z] >>> [apiv2][(partial)header] POST https://serviceusage.googleapis.com/v1/projects/papaterraza/services/firebaseapphosting.googleapis.com:enable x-goog-quota-user=projects/papaterraza
[debug] [2025-08-16T03:19:37.679Z] <<< [apiv2][status] POST https://serviceusage.googleapis.com/v1/projects/papaterraza/services/firebaseapphosting.googleapis.com:enable 200
[debug] [2025-08-16T03:19:37.679Z] <<< [apiv2][body] POST https://serviceusage.googleapis.com/v1/projects/papaterraza/services/firebaseapphosting.googleapis.com:enable [omitted]
[debug] [2025-08-16T03:19:47.701Z] Checked if tokens are valid: true, expires at: 1755317733556
[debug] [2025-08-16T03:19:47.701Z] Checked if tokens are valid: true, expires at: 1755317733556
[debug] [2025-08-16T03:19:47.701Z] Checked if tokens are valid: true, expires at: 1755317733556
[debug] [2025-08-16T03:19:47.701Z] Checked if tokens are valid: true, expires at: 1755317733556
[debug] [2025-08-16T03:19:47.701Z] Checked if tokens are valid: true, expires at: 1755317733556
[debug] [2025-08-16T03:19:47.701Z] Checked if tokens are valid: true, expires at: 1755317733556
[debug] [2025-08-16T03:19:47.701Z] Checked if tokens are valid: true, expires at: 1755317733556
[debug] [2025-08-16T03:19:47.701Z] Checked if tokens are valid: true, expires at: 1755317733556
[debug] [2025-08-16T03:19:47.701Z] Checked if tokens are valid: true, expires at: 1755317733556
[debug] [2025-08-16T03:19:47.701Z] Checked if tokens are valid: true, expires at: 1755317733556
[debug] [2025-08-16T03:19:47.701Z] Checked if tokens are valid: true, expires at: 1755317733556
[debug] [2025-08-16T03:19:47.701Z] Checked if tokens are valid: true, expires at: 1755317733556
[debug] [2025-08-16T03:19:47.702Z] >>> [apiv2][query] GET https://serviceusage.googleapis.com/v1/projects/papaterraza/services/developerconnect.googleapis.com [none]
[debug] [2025-08-16T03:19:47.702Z] >>> [apiv2][(partial)header] GET https://serviceusage.googleapis.com/v1/projects/papaterraza/services/developerconnect.googleapis.com x-goog-quota-user=projects/papaterraza
[debug] [2025-08-16T03:19:47.703Z] >>> [apiv2][query] GET https://serviceusage.googleapis.com/v1/projects/papaterraza/services/cloudbuild.googleapis.com [none]
[debug] [2025-08-16T03:19:47.703Z] >>> [apiv2][(partial)header] GET https://serviceusage.googleapis.com/v1/projects/papaterraza/services/cloudbuild.googleapis.com x-goog-quota-user=projects/papaterraza
[debug] [2025-08-16T03:19:47.704Z] >>> [apiv2][query] GET https://serviceusage.googleapis.com/v1/projects/papaterraza/services/secretmanager.googleapis.com [none]
[debug] [2025-08-16T03:19:47.704Z] >>> [apiv2][(partial)header] GET https://serviceusage.googleapis.com/v1/projects/papaterraza/services/secretmanager.googleapis.com x-goog-quota-user=projects/papaterraza
[debug] [2025-08-16T03:19:47.705Z] >>> [apiv2][query] GET https://serviceusage.googleapis.com/v1/projects/papaterraza/services/run.googleapis.com [none]
[debug] [2025-08-16T03:19:47.705Z] >>> [apiv2][(partial)header] GET https://serviceusage.googleapis.com/v1/projects/papaterraza/services/run.googleapis.com x-goog-quota-user=projects/papaterraza
[debug] [2025-08-16T03:19:47.705Z] >>> [apiv2][query] GET https://serviceusage.googleapis.com/v1/projects/papaterraza/services/artifactregistry.googleapis.com [none]
[debug] [2025-08-16T03:19:47.705Z] >>> [apiv2][(partial)header] GET https://serviceusage.googleapis.com/v1/projects/papaterraza/services/artifactregistry.googleapis.com x-goog-quota-user=projects/papaterraza
[debug] [2025-08-16T03:19:47.706Z] >>> [apiv2][query] GET https://serviceusage.googleapis.com/v1/projects/papaterraza/services/iam.googleapis.com [none]
[debug] [2025-08-16T03:19:47.706Z] >>> [apiv2][(partial)header] GET https://serviceusage.googleapis.com/v1/projects/papaterraza/services/iam.googleapis.com x-goog-quota-user=projects/papaterraza
[debug] [2025-08-16T03:19:48.055Z] <<< [apiv2][status] GET https://serviceusage.googleapis.com/v1/projects/papaterraza/services/secretmanager.googleapis.com 200
[debug] [2025-08-16T03:19:48.055Z] <<< [apiv2][body] GET https://serviceusage.googleapis.com/v1/projects/papaterraza/services/secretmanager.googleapis.com [omitted]
[debug] [2025-08-16T03:19:48.075Z] <<< [apiv2][status] GET https://serviceusage.googleapis.com/v1/projects/papaterraza/services/cloudbuild.googleapis.com 200
[debug] [2025-08-16T03:19:48.075Z] <<< [apiv2][body] GET https://serviceusage.googleapis.com/v1/projects/papaterraza/services/cloudbuild.googleapis.com [omitted]
[debug] [2025-08-16T03:19:48.083Z] <<< [apiv2][status] GET https://serviceusage.googleapis.com/v1/projects/papaterraza/services/developerconnect.googleapis.com 200
[debug] [2025-08-16T03:19:48.083Z] <<< [apiv2][body] GET https://serviceusage.googleapis.com/v1/projects/papaterraza/services/developerconnect.googleapis.com [omitted]
[debug] [2025-08-16T03:19:48.083Z] Checked if tokens are valid: true, expires at: 1755317733556
[debug] [2025-08-16T03:19:48.083Z] Checked if tokens are valid: true, expires at: 1755317733556
[debug] [2025-08-16T03:19:48.084Z] >>> [apiv2][query] POST https://serviceusage.googleapis.com/v1/projects/papaterraza/services/developerconnect.googleapis.com:enable [none]
[debug] [2025-08-16T03:19:48.084Z] >>> [apiv2][(partial)header] POST https://serviceusage.googleapis.com/v1/projects/papaterraza/services/developerconnect.googleapis.com:enable x-goog-quota-user=projects/papaterraza
[debug] [2025-08-16T03:19:48.084Z] <<< [apiv2][status] GET https://serviceusage.googleapis.com/v1/projects/papaterraza/services/run.googleapis.com 200
[debug] [2025-08-16T03:19:48.084Z] <<< [apiv2][body] GET https://serviceusage.googleapis.com/v1/projects/papaterraza/services/run.googleapis.com [omitted]
[debug] [2025-08-16T03:19:48.092Z] <<< [apiv2][status] GET https://serviceusage.googleapis.com/v1/projects/papaterraza/services/iam.googleapis.com 200
[debug] [2025-08-16T03:19:48.092Z] <<< [apiv2][body] GET https://serviceusage.googleapis.com/v1/projects/papaterraza/services/iam.googleapis.com [omitted]
[debug] [2025-08-16T03:19:48.100Z] <<< [apiv2][status] GET https://serviceusage.googleapis.com/v1/projects/papaterraza/services/artifactregistry.googleapis.com 200
[debug] [2025-08-16T03:19:48.101Z] <<< [apiv2][body] GET https://serviceusage.googleapis.com/v1/projects/papaterraza/services/artifactregistry.googleapis.com [omitted]
[debug] [2025-08-16T03:19:48.343Z] <<< [apiv2][status] POST https://serviceusage.googleapis.com/v1/projects/papaterraza/services/developerconnect.googleapis.com:enable 200
[debug] [2025-08-16T03:19:48.343Z] <<< [apiv2][body] POST https://serviceusage.googleapis.com/v1/projects/papaterraza/services/developerconnect.googleapis.com:enable [omitted]
[debug] [2025-08-16T03:19:58.365Z] Checked if tokens are valid: true, expires at: 1755317733556
[debug] [2025-08-16T03:19:58.365Z] Checked if tokens are valid: true, expires at: 1755317733556
[debug] [2025-08-16T03:19:58.365Z] >>> [apiv2][query] POST https://iam.googleapis.com/v1/projects/papaterraza/serviceAccounts/firebase-app-hosting-compute@papaterraza.iam.gserviceaccount.com:testIamPermissions [none]
[debug] [2025-08-16T03:19:58.365Z] >>> [apiv2][(partial)header] POST https://iam.googleapis.com/v1/projects/papaterraza/serviceAccounts/firebase-app-hosting-compute@papaterraza.iam.gserviceaccount.com:testIamPermissions x-goog-quota-user=projects/papaterraza
[debug] [2025-08-16T03:19:58.365Z] >>> [apiv2][body] POST https://iam.googleapis.com/v1/projects/papaterraza/serviceAccounts/firebase-app-hosting-compute@papaterraza.iam.gserviceaccount.com:testIamPermissions {"permissions":["iam.serviceAccounts.actAs"]}
[debug] [2025-08-16T03:19:58.669Z] <<< [apiv2][status] POST https://iam.googleapis.com/v1/projects/papaterraza/serviceAccounts/firebase-app-hosting-compute@papaterraza.iam.gserviceaccount.com:testIamPermissions 404
[debug] [2025-08-16T03:19:58.669Z] <<< [apiv2][body] POST https://iam.googleapis.com/v1/projects/papaterraza/serviceAccounts/firebase-app-hosting-compute@papaterraza.iam.gserviceaccount.com:testIamPermissions {"error":{"code":404,"message":"Unknown service account","status":"NOT_FOUND"}}
[debug] [2025-08-16T03:19:58.670Z] Checked if tokens are valid: true, expires at: 1755317733556
[debug] [2025-08-16T03:19:58.670Z] Checked if tokens are valid: true, expires at: 1755317733556
[debug] [2025-08-16T03:19:58.670Z] >>> [apiv2][query] POST https://iam.googleapis.com/v1/projects/papaterraza/serviceAccounts [none]
[debug] [2025-08-16T03:19:58.670Z] >>> [apiv2][body] POST https://iam.googleapis.com/v1/projects/papaterraza/serviceAccounts {"accountId":"firebase-app-hosting-compute","serviceAccount":{"displayName":"Firebase App Hosting compute service account","description":"Default service account used to run builds and deploys for Firebase App Hosting"}}
[debug] [2025-08-16T03:19:59.014Z] <<< [apiv2][status] POST https://iam.googleapis.com/v1/projects/papaterraza/serviceAccounts 200
[debug] [2025-08-16T03:19:59.014Z] <<< [apiv2][body] POST https://iam.googleapis.com/v1/projects/papaterraza/serviceAccounts [omitted]
[debug] [2025-08-16T03:19:59.015Z] Checked if tokens are valid: true, expires at: 1755317733556
[debug] [2025-08-16T03:19:59.015Z] Checked if tokens are valid: true, expires at: 1755317733556
[debug] [2025-08-16T03:19:59.015Z] >>> [apiv2][query] POST https://cloudresourcemanager.googleapis.com/v1/projects/papaterraza:getIamPolicy [none]
[debug] [2025-08-16T03:19:59.329Z] <<< [apiv2][status] POST https://cloudresourcemanager.googleapis.com/v1/projects/papaterraza:getIamPolicy 200
[debug] [2025-08-16T03:19:59.329Z] <<< [apiv2][body] POST https://cloudresourcemanager.googleapis.com/v1/projects/papaterraza:getIamPolicy {"version":1,"etag":"BwY8cvpvLaA=","bindings":[{"role":"roles/cloudbuild.builds.builder","members":["serviceAccount:659454085815@cloudbuild.gserviceaccount.com"]},{"role":"roles/cloudbuild.serviceAgent","members":["serviceAccount:service-659454085815@gcp-sa-cloudbuild.iam.gserviceaccount.com"]},{"role":"roles/containerregistry.ServiceAgent","members":["serviceAccount:service-659454085815@containerregistry.iam.gserviceaccount.com"]},{"role":"roles/editor","members":["serviceAccount:659454085815-compute@developer.gserviceaccount.com"]},{"role":"roles/firebase.managementServiceAgent","members":["serviceAccount:service-659454085815@gcp-sa-firebase.iam.gserviceaccount.com"]},{"role":"roles/firebase.sdkAdminServiceAgent","members":["serviceAccount:firebase-adminsdk-fbsvc@papaterraza.iam.gserviceaccount.com"]},{"role":"roles/iam.serviceAccountTokenCreator","members":["serviceAccount:firebase-adminsdk-fbsvc@papaterraza.iam.gserviceaccount.com"]},{"role":"roles/owner","members":["user:emifragon13@gmail.com"]},{"role":"roles/run.serviceAgent","members":["serviceAccount:service-659454085815@serverless-robot-prod.iam.gserviceaccount.com"]}]}
[debug] [2025-08-16T03:19:59.329Z] Checked if tokens are valid: true, expires at: 1755317733556
[debug] [2025-08-16T03:19:59.329Z] Checked if tokens are valid: true, expires at: 1755317733556
[debug] [2025-08-16T03:19:59.330Z] >>> [apiv2][query] POST https://cloudresourcemanager.googleapis.com/v1/projects/papaterraza:setIamPolicy [none]
[debug] [2025-08-16T03:19:59.330Z] >>> [apiv2][body] POST https://cloudresourcemanager.googleapis.com/v1/projects/papaterraza:setIamPolicy {"policy":{"version":1,"etag":"BwY8cvpvLaA=","bindings":[{"role":"roles/cloudbuild.builds.builder","members":["serviceAccount:659454085815@cloudbuild.gserviceaccount.com"]},{"role":"roles/cloudbuild.serviceAgent","members":["serviceAccount:service-659454085815@gcp-sa-cloudbuild.iam.gserviceaccount.com"]},{"role":"roles/containerregistry.ServiceAgent","members":["serviceAccount:service-659454085815@containerregistry.iam.gserviceaccount.com"]},{"role":"roles/editor","members":["serviceAccount:659454085815-compute@developer.gserviceaccount.com"]},{"role":"roles/firebase.managementServiceAgent","members":["serviceAccount:service-659454085815@gcp-sa-firebase.iam.gserviceaccount.com"]},{"role":"roles/firebase.sdkAdminServiceAgent","members":["serviceAccount:firebase-adminsdk-fbsvc@papaterraza.iam.gserviceaccount.com","serviceAccount:firebase-app-hosting-compute@papaterraza.iam.gserviceaccount.com"]},{"role":"roles/iam.serviceAccountTokenCreator","members":["serviceAccount:firebase-adminsdk-fbsvc@papaterraza.iam.gserviceaccount.com"]},{"role":"roles/owner","members":["user:emifragon13@gmail.com"]},{"role":"roles/run.serviceAgent","members":["serviceAccount:service-659454085815@serverless-robot-prod.iam.gserviceaccount.com"]},{"role":"roles/firebaseapphosting.computeRunner","members":["serviceAccount:firebase-app-hosting-compute@papaterraza.iam.gserviceaccount.com"]},{"role":"roles/developerconnect.readTokenAccessor","members":["serviceAccount:firebase-app-hosting-compute@papaterraza.iam.gserviceaccount.com"]},{"role":"roles/storage.objectViewer","members":["serviceAccount:firebase-app-hosting-compute@papaterraza.iam.gserviceaccount.com"]}]},"updateMask":"bindings"}
[debug] [2025-08-16T03:19:59.909Z] <<< [apiv2][status] POST https://cloudresourcemanager.googleapis.com/v1/projects/papaterraza:setIamPolicy 200
[debug] [2025-08-16T03:19:59.909Z] <<< [apiv2][body] POST https://cloudresourcemanager.googleapis.com/v1/projects/papaterraza:setIamPolicy {"version":1,"etag":"BwY8cvtGMt0=","bindings":[{"role":"roles/cloudbuild.builds.builder","members":["serviceAccount:659454085815@cloudbuild.gserviceaccount.com"]},{"role":"roles/cloudbuild.serviceAgent","members":["serviceAccount:service-659454085815@gcp-sa-cloudbuild.iam.gserviceaccount.com"]},{"role":"roles/containerregistry.ServiceAgent","members":["serviceAccount:service-659454085815@containerregistry.iam.gserviceaccount.com"]},{"role":"roles/developerconnect.readTokenAccessor","members":["serviceAccount:firebase-app-hosting-compute@papaterraza.iam.gserviceaccount.com"]},{"role":"roles/editor","members":["serviceAccount:659454085815-compute@developer.gserviceaccount.com"]},{"role":"roles/firebase.managementServiceAgent","members":["serviceAccount:service-659454085815@gcp-sa-firebase.iam.gserviceaccount.com"]},{"role":"roles/firebase.sdkAdminServiceAgent","members":["serviceAccount:firebase-adminsdk-fbsvc@papaterraza.iam.gserviceaccount.com","serviceAccount:firebase-app-hosting-compute@papaterraza.iam.gserviceaccount.com"]},{"role":"roles/firebaseapphosting.computeRunner","members":["serviceAccount:firebase-app-hosting-compute@papaterraza.iam.gserviceaccount.com"]},{"role":"roles/iam.serviceAccountTokenCreator","members":["serviceAccount:firebase-adminsdk-fbsvc@papaterraza.iam.gserviceaccount.com"]},{"role":"roles/owner","members":["user:emifragon13@gmail.com"]},{"role":"roles/run.serviceAgent","members":["serviceAccount:service-659454085815@serverless-robot-prod.iam.gserviceaccount.com"]},{"role":"roles/storage.objectViewer","members":["serviceAccount:firebase-app-hosting-compute@papaterraza.iam.gserviceaccount.com"]}]}
[info] i  This command links your local project to Firebase App Hosting. You will be able to deploy your web app with `firebase deploy` after setup. 
[debug] [2025-08-16T03:20:20.360Z] ExitPromptError: User force closed the prompt with SIGINT
    at Interface.sigint (/usr/local/lib/node_modules/firebase-tools/node_modules/@inquirer/core/dist/commonjs/lib/create-prompt.js:101:37)
    at Interface.emit (node:events:518:28)
    at Interface.emit (node:domain:489:12)
    at [_ttyWrite] [as _ttyWrite] (node:internal/readline/interface:1132:18)
    at ReadStream.onkeypress (node:internal/readline/interface:271:20)
    at ReadStream.emit (node:events:530:35)
    at ReadStream.emit (node:domain:489:12)
    at emitKeys (node:internal/readline/utils:370:14)
    at emitKeys.next (<anonymous>)
    at ReadStream.onData (node:internal/readline/emitKeypressEvents:64:36)
[error] 
[error] Error: An unexpected error has occurred.
[debug] [2025-08-16T03:20:24.317Z] ----------------------------------------------------------------------
[debug] [2025-08-16T03:20:24.319Z] Command:       /usr/local/bin/node /usr/local/bin/firebase init
[debug] [2025-08-16T03:20:24.319Z] CLI Version:   14.12.1
[debug] [2025-08-16T03:20:24.319Z] Platform:      linux
[debug] [2025-08-16T03:20:24.319Z] Node Version:  v22.17.0
[debug] [2025-08-16T03:20:24.319Z] Time:          Fri Aug 15 2025 21:20:24 GMT-0600 (Central Standard Time)
[debug] [2025-08-16T03:20:24.319Z] ----------------------------------------------------------------------
[debug] 
[debug] [2025-08-16T03:20:24.321Z] > command requires scopes: ["email","openid","https://www.googleapis.com/auth/cloudplatformprojects.readonly","https://www.googleapis.com/auth/firebase","https://www.googleapis.com/auth/cloud-platform"]
[debug] [2025-08-16T03:20:24.322Z] > authorizing via signed-in user (emifragon13@gmail.com)
[info] 
     ######## #### ########  ######## ########     ###     ######  ########
     ##        ##  ##     ## ##       ##     ##  ##   ##  ##       ##
     ######    ##  ########  ######   ########  #########  ######  ######
     ##        ##  ##    ##  ##       ##     ## ##     ##       ## ##
     ##       #### ##     ## ######## ########  ##     ##  ######  ########

You're about to initialize a Firebase project in this directory:

  /home/emfr/Downloads/terraza/MainWorks

